Start testing: Oct 26 16:55 CEST
----------------------------------------------------------
1/22 Testing: test_tyao_dummy
1/22 Test: test_tyao_dummy
Command: "/Users/ytyanndavid/Documents/prog-c/Puzzle_en_C/build/game_test_tyao" "dummy"
Directory: /Users/ytyanndavid/Documents/prog-c/Puzzle_en_C/build
"test_tyao_dummy" start time: Oct 26 16:55 CEST
Output:
----------------------------------------------------------
Copyright: Net Game by University of Bordeaux, 2024.
=> Start test "dummy"
<end of output>
Test time =   0.02 sec
----------------------------------------------------------
Test Passed.
"test_tyao_dummy" end time: Oct 26 16:55 CEST
"test_tyao_dummy" time elapsed: 00:00:00
----------------------------------------------------------

2/22 Testing: test_tyao_game_get_piece_shape
2/22 Test: test_tyao_game_get_piece_shape
Command: "/Users/ytyanndavid/Documents/prog-c/Puzzle_en_C/build/game_test_tyao" "test_game_get_piece_shape"
Directory: /Users/ytyanndavid/Documents/prog-c/Puzzle_en_C/build
"test_tyao_game_get_piece_shape" start time: Oct 26 16:55 CEST
Output:
----------------------------------------------------------
Copyright: Net Game by University of Bordeaux, 2024.
=> Start test "test_game_get_piece_shape"
Test "test_game_get_piece_shape" finished: SUCCESS
<end of output>
Test time =   0.01 sec
----------------------------------------------------------
Test Passed.
"test_tyao_game_get_piece_shape" end time: Oct 26 16:55 CEST
"test_tyao_game_get_piece_shape" time elapsed: 00:00:00
----------------------------------------------------------

3/22 Testing: test_tyao_game_get_piece_orientation
3/22 Test: test_tyao_game_get_piece_orientation
Command: "/Users/ytyanndavid/Documents/prog-c/Puzzle_en_C/build/game_test_tyao" "test_game_get_piece_orientation"
Directory: /Users/ytyanndavid/Documents/prog-c/Puzzle_en_C/build
"test_tyao_game_get_piece_orientation" start time: Oct 26 16:55 CEST
Output:
----------------------------------------------------------
Copyright: Net Game by University of Bordeaux, 2024.
=> Start test "test_game_get_piece_orientation"
Test "test_game_get_piece_orientation" finished: SUCCESS
<end of output>
Test time =   0.01 sec
----------------------------------------------------------
Test Passed.
"test_tyao_game_get_piece_orientation" end time: Oct 26 16:55 CEST
"test_tyao_game_get_piece_orientation" time elapsed: 00:00:00
----------------------------------------------------------

4/22 Testing: test_tyao_game_play_move
4/22 Test: test_tyao_game_play_move
Command: "/Users/ytyanndavid/Documents/prog-c/Puzzle_en_C/build/game_test_tyao" "test_game_play_move"
Directory: /Users/ytyanndavid/Documents/prog-c/Puzzle_en_C/build
"test_tyao_game_play_move" start time: Oct 26 16:55 CEST
Output:
----------------------------------------------------------
Copyright: Net Game by University of Bordeaux, 2024.
=> Start test "test_game_play_move"
Test "test_game_play_move" finished: SUCCESS
<end of output>
Test time =   0.02 sec
----------------------------------------------------------
Test Passed.
"test_tyao_game_play_move" end time: Oct 26 16:55 CEST
"test_tyao_game_play_move" time elapsed: 00:00:00
----------------------------------------------------------

5/22 Testing: test_tyao_game_won
5/22 Test: test_tyao_game_won
Command: "/Users/ytyanndavid/Documents/prog-c/Puzzle_en_C/build/game_test_tyao" "test_game_won"
Directory: /Users/ytyanndavid/Documents/prog-c/Puzzle_en_C/build
"test_tyao_game_won" start time: Oct 26 16:55 CEST
Output:
----------------------------------------------------------
Copyright: Net Game by University of Bordeaux, 2024.
=> Start test "test_game_won"
Test "test_game_won" finished: SUCCESS
<end of output>
Test time =   0.02 sec
----------------------------------------------------------
Test Passed.
"test_tyao_game_won" end time: Oct 26 16:55 CEST
"test_tyao_game_won" time elapsed: 00:00:00
----------------------------------------------------------

6/22 Testing: test_tyao_game_reset_orientation
6/22 Test: test_tyao_game_reset_orientation
Command: "/Users/ytyanndavid/Documents/prog-c/Puzzle_en_C/build/game_test_tyao" "test_game_reset_orientation"
Directory: /Users/ytyanndavid/Documents/prog-c/Puzzle_en_C/build
"test_tyao_game_reset_orientation" start time: Oct 26 16:55 CEST
Output:
----------------------------------------------------------
Copyright: Net Game by University of Bordeaux, 2024.
=> Start test "test_game_reset_orientation"
Test "test_game_reset_orientation" finished: SUCCESS
<end of output>
Test time =   0.02 sec
----------------------------------------------------------
Test Passed.
"test_tyao_game_reset_orientation" end time: Oct 26 16:55 CEST
"test_tyao_game_reset_orientation" time elapsed: 00:00:00
----------------------------------------------------------

7/22 Testing: test_tyao_game_print
7/22 Test: test_tyao_game_print
Command: "/Users/ytyanndavid/Documents/prog-c/Puzzle_en_C/build/game_test_tyao" "test_game_print"
Directory: /Users/ytyanndavid/Documents/prog-c/Puzzle_en_C/build
"test_tyao_game_print" start time: Oct 26 16:55 CEST
Output:
----------------------------------------------------------
Copyright: Net Game by University of Bordeaux, 2024.
=> Start test "test_game_print"
Test "test_game_print" finished: SUCCESS
     0 1 2 3 4 
     ----------
  0 |┘ ^ < └ v |
  1 |┬ ┤ ┴ ├ ├ |
  2 |> ^ ┤ < - |
  3 |v ┬ ┴ ┘ | |
  4 |> ┤ v > v |
     ----------
     0 1 2 3 4 
     ----------
  0 |          |
  1 |          |
  2 |          |
  3 |          |
  4 |          |
     ----------
     0 1 2 3 4 
     ----------
  0 |        ^ |
  1 |> v < | - |
  2 || - └ ┌ ┐ |
  3 |┘ ┴ ├ ┬ ┤ |
  4 |┐ ┐ - v   |
     ----------
<end of output>
Test time =   0.11 sec
----------------------------------------------------------
Test Passed.
"test_tyao_game_print" end time: Oct 26 16:55 CEST
"test_tyao_game_print" time elapsed: 00:00:00
----------------------------------------------------------

8/22 Testing: test_tyao_game_shuffle_orientation
8/22 Test: test_tyao_game_shuffle_orientation
Command: "/Users/ytyanndavid/Documents/prog-c/Puzzle_en_C/build/game_test_tyao" "test_game_shuffle_orientation"
Directory: /Users/ytyanndavid/Documents/prog-c/Puzzle_en_C/build
"test_tyao_game_shuffle_orientation" start time: Oct 26 16:55 CEST
Output:
----------------------------------------------------------
Copyright: Net Game by University of Bordeaux, 2024.
=> Start test "test_game_shuffle_orientation"
Test "test_game_shuffle_orientation" finished: SUCCESS
<end of output>
Test time =   0.02 sec
----------------------------------------------------------
Test Passed.
"test_tyao_game_shuffle_orientation" end time: Oct 26 16:55 CEST
"test_tyao_game_shuffle_orientation" time elapsed: 00:00:00
----------------------------------------------------------

9/22 Testing: test_ttarade_dummy
9/22 Test: test_ttarade_dummy
Command: "/Users/ytyanndavid/Documents/prog-c/Puzzle_en_C/build/game_test_ttarade" "dummy"
Directory: /Users/ytyanndavid/Documents/prog-c/Puzzle_en_C/build
"test_ttarade_dummy" start time: Oct 26 16:55 CEST
Output:
----------------------------------------------------------
Copyright: Net Game by University of Bordeaux, 2024.
=> Start test "dummy"
<end of output>
Test time =   0.54 sec
----------------------------------------------------------
Test Passed.
"test_ttarade_dummy" end time: Oct 26 16:55 CEST
"test_ttarade_dummy" time elapsed: 00:00:00
----------------------------------------------------------

10/22 Testing: test_ttarade_game_default
10/22 Test: test_ttarade_game_default
Command: "/Users/ytyanndavid/Documents/prog-c/Puzzle_en_C/build/game_test_ttarade" "test_game_default"
Directory: /Users/ytyanndavid/Documents/prog-c/Puzzle_en_C/build
"test_ttarade_game_default" start time: Oct 26 16:55 CEST
Output:
----------------------------------------------------------
Copyright: Net Game by University of Bordeaux, 2024.
=> Start test "test_game_default"
=> Test "test_game_default": SUCCESS
<end of output>
Test time =   0.01 sec
----------------------------------------------------------
Test Passed.
"test_ttarade_game_default" end time: Oct 26 16:55 CEST
"test_ttarade_game_default" time elapsed: 00:00:00
----------------------------------------------------------

11/22 Testing: test_ttarade_game_default_solution
11/22 Test: test_ttarade_game_default_solution
Command: "/Users/ytyanndavid/Documents/prog-c/Puzzle_en_C/build/game_test_ttarade" "test_game_default_solution"
Directory: /Users/ytyanndavid/Documents/prog-c/Puzzle_en_C/build
"test_ttarade_game_default_solution" start time: Oct 26 16:55 CEST
Output:
----------------------------------------------------------
Copyright: Net Game by University of Bordeaux, 2024.
=> Start test "test_game_default_solution"
=> Test "test_game_default_solution": SUCCESS
<end of output>
Test time =   0.01 sec
----------------------------------------------------------
Test Passed.
"test_ttarade_game_default_solution" end time: Oct 26 16:55 CEST
"test_ttarade_game_default_solution" time elapsed: 00:00:00
----------------------------------------------------------

12/22 Testing: test_ttarade_game_get_ajacent_square
12/22 Test: test_ttarade_game_get_ajacent_square
Command: "/Users/ytyanndavid/Documents/prog-c/Puzzle_en_C/build/game_test_ttarade" "test_game_get_ajacent_square"
Directory: /Users/ytyanndavid/Documents/prog-c/Puzzle_en_C/build
"test_ttarade_game_get_ajacent_square" start time: Oct 26 16:55 CEST
Output:
----------------------------------------------------------
Copyright: Net Game by University of Bordeaux, 2024.
=> Start test "test_game_get_ajacent_square"
=> Test "test_game_get_ajacent_square": SUCCESS
<end of output>
Test time =   0.01 sec
----------------------------------------------------------
Test Passed.
"test_ttarade_game_get_ajacent_square" end time: Oct 26 16:55 CEST
"test_ttarade_game_get_ajacent_square" time elapsed: 00:00:00
----------------------------------------------------------

13/22 Testing: test_ttarade_game_has_half_edge
13/22 Test: test_ttarade_game_has_half_edge
Command: "/Users/ytyanndavid/Documents/prog-c/Puzzle_en_C/build/game_test_ttarade" "test_game_has_half_edge"
Directory: /Users/ytyanndavid/Documents/prog-c/Puzzle_en_C/build
"test_ttarade_game_has_half_edge" start time: Oct 26 16:55 CEST
Output:
----------------------------------------------------------
Copyright: Net Game by University of Bordeaux, 2024.
=> Start test "test_game_has_half_edge"
=> Test "test_game_has_half_edge": SUCCESS
<end of output>
Test time =   0.02 sec
----------------------------------------------------------
Test Passed.
"test_ttarade_game_has_half_edge" end time: Oct 26 16:55 CEST
"test_ttarade_game_has_half_edge" time elapsed: 00:00:00
----------------------------------------------------------

14/22 Testing: test_ttarade_game_check_edge
14/22 Test: test_ttarade_game_check_edge
Command: "/Users/ytyanndavid/Documents/prog-c/Puzzle_en_C/build/game_test_ttarade" "test_game_check_edge"
Directory: /Users/ytyanndavid/Documents/prog-c/Puzzle_en_C/build
"test_ttarade_game_check_edge" start time: Oct 26 16:55 CEST
Output:
----------------------------------------------------------
Copyright: Net Game by University of Bordeaux, 2024.
=> Start test "test_game_check_edge"
=> Test "test_game_check_edge": SUCCESS
<end of output>
Test time =   0.02 sec
----------------------------------------------------------
Test Passed.
"test_ttarade_game_check_edge" end time: Oct 26 16:55 CEST
"test_ttarade_game_check_edge" time elapsed: 00:00:00
----------------------------------------------------------

15/22 Testing: test_ddofonhakou_dummy
15/22 Test: test_ddofonhakou_dummy
Command: "/Users/ytyanndavid/Documents/prog-c/Puzzle_en_C/build/game_test_ddofonhakou" "dummy"
Directory: /Users/ytyanndavid/Documents/prog-c/Puzzle_en_C/build
"test_ddofonhakou_dummy" start time: Oct 26 16:55 CEST
Output:
----------------------------------------------------------
Copyright: Net Game by University of Bordeaux, 2024.
=> Start test "dummy"
<end of output>
Test time =   0.55 sec
----------------------------------------------------------
Test Passed.
"test_ddofonhakou_dummy" end time: Oct 26 16:55 CEST
"test_ddofonhakou_dummy" time elapsed: 00:00:00
----------------------------------------------------------

16/22 Testing: test_ddofonhakou_game_new_empty
16/22 Test: test_ddofonhakou_game_new_empty
Command: "/Users/ytyanndavid/Documents/prog-c/Puzzle_en_C/build/game_test_ddofonhakou" "test_game_new_empty"
Directory: /Users/ytyanndavid/Documents/prog-c/Puzzle_en_C/build
"test_ddofonhakou_game_new_empty" start time: Oct 26 16:55 CEST
Output:
----------------------------------------------------------
Copyright: Net Game by University of Bordeaux, 2024.
=> Start test "test_game_new_empty"
Test "test_game_new_empty" finished: SUCCESS
<end of output>
Test time =   0.01 sec
----------------------------------------------------------
Test Passed.
"test_ddofonhakou_game_new_empty" end time: Oct 26 16:55 CEST
"test_ddofonhakou_game_new_empty" time elapsed: 00:00:00
----------------------------------------------------------

17/22 Testing: test_ddofonhakou_game_new
17/22 Test: test_ddofonhakou_game_new
Command: "/Users/ytyanndavid/Documents/prog-c/Puzzle_en_C/build/game_test_ddofonhakou" "test_game_new"
Directory: /Users/ytyanndavid/Documents/prog-c/Puzzle_en_C/build
"test_ddofonhakou_game_new" start time: Oct 26 16:55 CEST
Output:
----------------------------------------------------------
Copyright: Net Game by University of Bordeaux, 2024.
=> Start test "test_game_new"
Test "test_game_new" finished: SUCCESS
<end of output>
Test time =   0.02 sec
----------------------------------------------------------
Test Passed.
"test_ddofonhakou_game_new" end time: Oct 26 16:55 CEST
"test_ddofonhakou_game_new" time elapsed: 00:00:00
----------------------------------------------------------

18/22 Testing: test_ddofonhakou_game_copy
18/22 Test: test_ddofonhakou_game_copy
Command: "/Users/ytyanndavid/Documents/prog-c/Puzzle_en_C/build/game_test_ddofonhakou" "test_game_copy"
Directory: /Users/ytyanndavid/Documents/prog-c/Puzzle_en_C/build
"test_ddofonhakou_game_copy" start time: Oct 26 16:55 CEST
Output:
----------------------------------------------------------
Copyright: Net Game by University of Bordeaux, 2024.
=> Start test "test_game_copy"
Test "test_game_copy" finished: SUCCESS
<end of output>
Test time =   0.02 sec
----------------------------------------------------------
Test Passed.
"test_ddofonhakou_game_copy" end time: Oct 26 16:55 CEST
"test_ddofonhakou_game_copy" time elapsed: 00:00:00
----------------------------------------------------------

19/22 Testing: test_ddofonhakou_game_equal
19/22 Test: test_ddofonhakou_game_equal
Command: "/Users/ytyanndavid/Documents/prog-c/Puzzle_en_C/build/game_test_ddofonhakou" "test_game_equal"
Directory: /Users/ytyanndavid/Documents/prog-c/Puzzle_en_C/build
"test_ddofonhakou_game_equal" start time: Oct 26 16:55 CEST
Output:
----------------------------------------------------------
Copyright: Net Game by University of Bordeaux, 2024.
=> Start test "test_game_equal"
Test "test_game_equal" finished: SUCCESS
<end of output>
Test time =   0.02 sec
----------------------------------------------------------
Test Passed.
"test_ddofonhakou_game_equal" end time: Oct 26 16:55 CEST
"test_ddofonhakou_game_equal" time elapsed: 00:00:00
----------------------------------------------------------

20/22 Testing: test_ddofonhakou_game_delete
20/22 Test: test_ddofonhakou_game_delete
Command: "/Users/ytyanndavid/Documents/prog-c/Puzzle_en_C/build/game_test_ddofonhakou" "test_game_delete"
Directory: /Users/ytyanndavid/Documents/prog-c/Puzzle_en_C/build
"test_ddofonhakou_game_delete" start time: Oct 26 16:55 CEST
Output:
----------------------------------------------------------
Copyright: Net Game by University of Bordeaux, 2024.
=> Start test "test_game_delete"
Test "test_game_delete" finished: SUCCESS
<end of output>
Test time =   0.01 sec
----------------------------------------------------------
Test Passed.
"test_ddofonhakou_game_delete" end time: Oct 26 16:55 CEST
"test_ddofonhakou_game_delete" time elapsed: 00:00:00
----------------------------------------------------------

21/22 Testing: test_ddofonhakou_game_set_piece_shape
21/22 Test: test_ddofonhakou_game_set_piece_shape
Command: "/Users/ytyanndavid/Documents/prog-c/Puzzle_en_C/build/game_test_ddofonhakou" "test_game_set_piece_shape"
Directory: /Users/ytyanndavid/Documents/prog-c/Puzzle_en_C/build
"test_ddofonhakou_game_set_piece_shape" start time: Oct 26 16:55 CEST
Output:
----------------------------------------------------------
Copyright: Net Game by University of Bordeaux, 2024.
=> Start test "test_game_set_piece_shape"
Test "test_game_set_piece_shape" finished: SUCCESS
<end of output>
Test time =   0.02 sec
----------------------------------------------------------
Test Passed.
"test_ddofonhakou_game_set_piece_shape" end time: Oct 26 16:55 CEST
"test_ddofonhakou_game_set_piece_shape" time elapsed: 00:00:00
----------------------------------------------------------

22/22 Testing: test_ddofonhakou_game_set_piece_orientation
22/22 Test: test_ddofonhakou_game_set_piece_orientation
Command: "/Users/ytyanndavid/Documents/prog-c/Puzzle_en_C/build/game_test_ddofonhakou" "test_game_set_piece_orientation"
Directory: /Users/ytyanndavid/Documents/prog-c/Puzzle_en_C/build
"test_ddofonhakou_game_set_piece_orientation" start time: Oct 26 16:55 CEST
Output:
----------------------------------------------------------
Copyright: Net Game by University of Bordeaux, 2024.
=> Start test "test_game_set_piece_orientation"
Test "test_game_set_piece_orientation" finished: SUCCESS
<end of output>
Test time =   0.02 sec
----------------------------------------------------------
Test Passed.
"test_ddofonhakou_game_set_piece_orientation" end time: Oct 26 16:55 CEST
"test_ddofonhakou_game_set_piece_orientation" time elapsed: 00:00:00
----------------------------------------------------------

End testing: Oct 26 16:55 CEST
