Start testing: Oct 22 12:43 CEST
----------------------------------------------------------
1/1 Testing: test_tyao_dummy
1/1 Test: test_tyao_dummy
Command: "/Users/ytyanndavid/Documents/prog-c/Puzzle_en_C/build/game_test_tyao" "dummy"
Directory: /Users/ytyanndavid/Documents/prog-c/Puzzle_en_C/build
"test_tyao_dummy" start time: Oct 22 12:43 CEST
Output:
----------------------------------------------------------
Copyright: Net Game by University of Bordeaux, 2024.
<end of output>
Test time =   0.75 sec
----------------------------------------------------------
Test Passed.
"test_tyao_dummy" end time: Oct 22 12:43 CEST
"test_tyao_dummy" time elapsed: 00:00:00
----------------------------------------------------------

End testing: Oct 22 12:43 CEST
